{
"/Users/dshe/code/derivablejs/dist/derivable.js":{"path":"/Users/dshe/code/derivablejs/dist/derivable.js","s":{"1":1,"2":1,"3":0,"4":0,"5":0,"6":0,"7":0,"8":0,"9":0,"10":1,"11":1,"12":0,"13":1,"14":367,"15":17,"16":350,"17":1,"18":367,"19":1,"20":296,"21":296,"22":200,"23":1,"24":95,"25":95,"26":89,"27":1,"28":1,"29":190,"30":1,"31":24,"32":1,"33":0,"34":1,"35":97,"36":1,"37":1,"38":4,"39":1,"40":14,"41":14,"42":1,"43":1,"44":1,"45":1,"46":1,"47":543,"48":1,"49":3,"50":1,"51":3,"52":1,"53":3,"54":1,"55":1,"56":1,"57":1,"58":1,"59":1,"60":1,"61":169,"62":169,"63":1,"64":169,"65":1,"66":169,"67":169,"68":1,"69":991,"70":149,"71":149,"72":1,"73":249,"74":176,"75":176,"76":70,"77":65,"78":65,"79":70,"80":106,"81":106,"82":0,"83":1,"84":178,"85":106,"86":106,"87":2,"88":104,"89":1,"90":1,"91":6,"92":1,"93":54,"94":54,"95":54,"96":1,"97":196,"98":51,"99":46,"100":46,"101":1,"102":1,"103":210,"104":1,"105":43,"106":43,"107":43,"108":7,"109":7,"110":1,"111":6,"112":36,"113":1,"114":14,"115":11,"116":3,"117":1,"118":1,"119":2,"120":2,"121":2,"122":2,"123":2,"124":2,"125":1,"126":2,"127":2,"128":2,"129":2,"130":2,"131":2,"132":1,"133":1,"134":54,"135":1,"136":46,"137":46,"138":46,"139":35,"140":35,"141":33,"142":1,"143":32,"144":32,"145":35,"146":35,"147":33,"148":1,"149":8,"150":8,"151":8,"152":9,"153":9,"154":9,"155":1,"156":1,"157":10,"158":5,"159":10,"160":10,"161":10,"162":6,"163":1,"164":5,"165":5,"166":2,"167":1,"168":1,"169":1,"170":11,"171":1,"172":10,"173":10,"174":10,"175":5,"176":1,"177":325,"178":325,"179":325,"180":325,"181":325,"182":325,"183":325,"184":325,"185":2,"186":1,"187":1,"188":169,"189":169,"190":169,"191":169,"192":169,"193":169,"194":169,"195":0,"196":0,"197":0,"198":0,"199":169,"200":169,"201":169,"202":160,"203":9,"204":169,"205":64,"206":64,"207":95,"208":95,"209":4,"210":169,"211":169,"212":349,"213":105,"214":244,"215":64,"216":64,"217":82,"218":64,"219":64,"220":808,"221":349,"222":349,"223":349,"224":459,"225":1,"226":95,"227":95,"228":50,"229":50,"230":16,"231":50,"232":50,"233":1,"234":315,"235":1,"236":154,"237":154,"238":154,"239":154,"240":154,"241":154,"242":154,"243":154,"244":0,"245":1,"246":147,"247":0,"248":147,"249":147,"250":147,"251":105,"252":147,"253":147,"254":313,"255":313,"256":313,"257":5,"258":0,"259":5,"260":313,"261":147,"262":144,"263":177,"264":175,"265":73,"266":175,"267":175,"268":175,"269":166,"270":75,"271":75,"272":75,"273":1,"274":57,"275":4,"276":53,"277":1,"278":156,"279":123,"280":3,"281":120,"282":117,"283":128,"284":3,"285":33,"286":53,"287":112,"288":20,"289":92,"290":89,"291":3,"292":3,"293":53,"294":52,"295":51,"296":69,"297":51,"298":142,"299":8,"300":8,"301":134,"302":122,"303":47,"304":12,"305":4,"306":51,"307":51,"308":50,"309":59,"310":50,"311":49,"312":50,"313":1,"314":190,"315":190,"316":190,"317":190,"318":190,"319":190,"320":190,"321":1,"322":5,"323":196,"324":196,"325":196,"326":196,"327":145,"328":143,"329":143,"330":143,"331":143,"332":143,"333":143,"334":642,"335":642,"336":1,"337":190,"338":1,"339":10,"340":10,"341":10,"342":1,"343":1,"344":9,"345":9,"346":9,"347":9,"348":1,"349":2,"350":1,"351":1,"352":1,"353":1,"354":1,"355":1,"356":1,"357":1,"358":1,"359":1,"360":1,"361":1,"362":1,"363":1,"364":1,"365":1,"366":4,"367":4,"368":12,"369":12,"370":8,"371":4,"372":1,"373":311,"374":157,"375":154,"376":1,"377":8,"378":9,"379":9,"380":9,"381":15,"382":1,"383":64,"384":38,"385":26,"386":4,"387":22,"388":16,"389":16,"390":16,"391":38,"392":38,"393":16,"394":6,"395":1,"396":18,"397":8,"398":16,"399":9,"400":1,"401":4,"402":4,"403":4,"404":12,"405":12,"406":18,"407":18,"408":8,"409":12,"410":1,"411":9,"412":1,"413":2,"414":9,"415":1,"416":1,"417":1,"418":1,"419":1,"420":1,"421":115,"422":115,"423":1,"424":100,"425":69,"426":238,"427":15,"428":20,"429":16,"430":4,"431":13,"432":12,"433":3,"434":5,"435":9,"436":8,"437":16,"438":16,"439":16,"440":2,"441":11,"442":3,"443":2,"444":1,"445":1,"446":4,"447":47,"448":2,"449":2,"450":2,"451":2,"452":2,"453":2,"454":4,"455":4,"456":4,"457":57,"458":6,"459":3,"460":11,"461":2,"462":8,"463":5,"464":9,"465":20,"466":88,"467":2,"468":11,"469":1,"470":1,"471":2,"472":10,"473":1,"474":13,"475":14,"476":9,"477":5,"478":2,"479":4,"480":7,"481":368,"482":1,"483":3,"484":3,"485":3,"486":9,"487":9,"488":21,"489":7,"490":2,"491":1,"492":1,"493":15,"494":15,"495":15,"496":7,"497":7,"498":27,"499":7,"500":1,"501":1,"502":1,"503":1,"504":1},"b":{"1":[0,0],"2":[0,1],"3":[17,350],"4":[17,2],"5":[350,0],"6":[367,350,326,6],"7":[200,96],"8":[89,6],"9":[97,78],"10":[543,480,394,242],"11":[3,3,2],"12":[3,3,2],"13":[3,3],"14":[149,842],"15":[57,70,106,0],"16":[65,5],"17":[2,104],"18":[51,145],"19":[46,5],"20":[1,6],"21":[11,3],"22":[35,11],"23":[1,32],"24":[5,5],"25":[1,5],"26":[1,1],"27":[1,10],"28":[5,5],"29":[2,323],"30":[169,0],"31":[160,9],"32":[64,105],"33":[4,91],"34":[105,244],"35":[64,180],"36":[64,18],"37":[349,459],"38":[50,45],"39":[95,88],"40":[154,0],"41":[154,154],"42":[0,154],"43":[0,147],"44":[105,42],"45":[0,5],"46":[175,2],"47":[177,177],"48":[73,102],"49":[175,0],"50":[166,9],"51":[4,53],"52":[123,33],"53":[3,120],"54":[117,3],"55":[20,92],"56":[3,86],"57":[8,134],"58":[122,12],"59":[47,75],"60":[4,8],"61":[50,9],"62":[145,51],"63":[143,2],"64":[8,4],"65":[157,154],"66":[38,26],"67":[4,22],"68":[16,6],"69":[8,9],"70":[18,11],"71":[8,10],"72":[1,100,4,2,2,2,4],"73":[69,10,15,16],"74":[4,12],"75":[3,9],"76":[8,1],"77":[2,6,11,3],"78":[2,1],"79":[6,6],"80":[11,10],"81":[8,0],"82":[4,5],"83":[64,24],"84":[1,10],"85":[11,8],"86":[5,4],"87":[2,3],"88":[368,357],"89":[7,14],"90":[1,1]},"f":{"1":0,"2":367,"3":367,"4":296,"5":95,"6":190,"7":24,"8":0,"9":97,"10":4,"11":14,"12":543,"13":3,"14":3,"15":3,"16":169,"17":169,"18":169,"19":991,"20":249,"21":178,"22":6,"23":54,"24":196,"25":210,"26":43,"27":14,"28":1,"29":2,"30":2,"31":2,"32":2,"33":2,"34":54,"35":46,"36":33,"37":33,"38":8,"39":9,"40":10,"41":6,"42":2,"43":11,"44":325,"45":1,"46":169,"47":349,"48":808,"49":95,"50":315,"51":154,"52":147,"53":313,"54":147,"55":177,"56":75,"57":57,"58":156,"59":128,"60":112,"61":69,"62":142,"63":59,"64":190,"65":5,"66":196,"67":642,"68":190,"69":10,"70":1,"71":9,"72":9,"73":2,"74":1,"75":4,"76":311,"77":8,"78":9,"79":15,"80":64,"81":18,"82":16,"83":4,"84":4,"85":12,"86":9,"87":2,"88":9,"89":115,"90":238,"91":20,"92":13,"93":5,"94":16,"95":47,"96":2,"97":2,"98":2,"99":4,"100":57,"101":6,"102":3,"103":11,"104":2,"105":8,"106":5,"107":9,"108":20,"109":88,"110":2,"111":11,"112":2,"113":1,"114":13,"115":14,"116":9,"117":368,"118":3,"119":9,"120":15,"121":7,"122":27,"123":7},"fnMap":{"1":{"name":"assignPolyfill","line":5,"loc":{"start":{"line":5,"column":0},"end":{"line":5,"column":30}}},"2":{"name":"_is","line":23,"loc":{"start":{"line":23,"column":0},"end":{"line":23,"column":19}}},"3":{"name":"equals","line":34,"loc":{"start":{"line":34,"column":0},"end":{"line":34,"column":23}}},"4":{"name":"addToArray","line":38,"loc":{"start":{"line":38,"column":0},"end":{"line":38,"column":27}}},"5":{"name":"removeFromArray","line":45,"loc":{"start":{"line":45,"column":0},"end":{"line":45,"column":32}}},"6":{"name":"nextId","line":53,"loc":{"start":{"line":53,"column":0},"end":{"line":53,"column":19}}},"7":{"name":"slice","line":57,"loc":{"start":{"line":57,"column":0},"end":{"line":57,"column":22}}},"8":{"name":"(anonymous_8)","line":61,"loc":{"start":{"line":61,"column":36},"end":{"line":61,"column":48}}},"9":{"name":"some","line":63,"loc":{"start":{"line":63,"column":0},"end":{"line":63,"column":18}}},"10":{"name":"setDebugMode","line":68,"loc":{"start":{"line":68,"column":0},"end":{"line":68,"column":28}}},"11":{"name":"setEquals","line":72,"loc":{"start":{"line":72,"column":0},"end":{"line":72,"column":39}}},"12":{"name":"isDerivable","line":82,"loc":{"start":{"line":82,"column":0},"end":{"line":82,"column":24}}},"13":{"name":"isAtom","line":89,"loc":{"start":{"line":89,"column":0},"end":{"line":89,"column":20}}},"14":{"name":"isDerivation","line":93,"loc":{"start":{"line":93,"column":0},"end":{"line":93,"column":26}}},"15":{"name":"isLensed","line":97,"loc":{"start":{"line":97,"column":0},"end":{"line":97,"column":22}}},"16":{"name":"startCapturingParents","line":109,"loc":{"start":{"line":109,"column":0},"end":{"line":109,"column":40}}},"17":{"name":"retrieveParents","line":113,"loc":{"start":{"line":113,"column":0},"end":{"line":113,"column":28}}},"18":{"name":"stopCapturingParents","line":116,"loc":{"start":{"line":116,"column":0},"end":{"line":116,"column":33}}},"19":{"name":"maybeCaptureParent","line":121,"loc":{"start":{"line":121,"column":0},"end":{"line":121,"column":32}}},"20":{"name":"mark","line":128,"loc":{"start":{"line":128,"column":0},"end":{"line":128,"column":31}}},"21":{"name":"processReactors","line":148,"loc":{"start":{"line":148,"column":0},"end":{"line":148,"column":36}}},"22":{"name":"initiateAbortion","line":161,"loc":{"start":{"line":161,"column":0},"end":{"line":161,"column":28}}},"23":{"name":"TransactionContext","line":165,"loc":{"start":{"line":165,"column":0},"end":{"line":165,"column":36}}},"24":{"name":"maybeTrack","line":171,"loc":{"start":{"line":171,"column":0},"end":{"line":171,"column":27}}},"25":{"name":"inTransaction","line":182,"loc":{"start":{"line":182,"column":0},"end":{"line":182,"column":26}}},"26":{"name":"transact","line":186,"loc":{"start":{"line":186,"column":0},"end":{"line":186,"column":22}}},"27":{"name":"atomically","line":201,"loc":{"start":{"line":201,"column":0},"end":{"line":201,"column":24}}},"28":{"name":"transaction","line":209,"loc":{"start":{"line":209,"column":0},"end":{"line":209,"column":25}}},"29":{"name":"(anonymous_29)","line":210,"loc":{"start":{"line":210,"column":9},"end":{"line":210,"column":21}}},"30":{"name":"(anonymous_30)","line":214,"loc":{"start":{"line":214,"column":13},"end":{"line":214,"column":25}}},"31":{"name":"atomic","line":221,"loc":{"start":{"line":221,"column":0},"end":{"line":221,"column":20}}},"32":{"name":"(anonymous_32)","line":222,"loc":{"start":{"line":222,"column":9},"end":{"line":222,"column":21}}},"33":{"name":"(anonymous_33)","line":226,"loc":{"start":{"line":226,"column":15},"end":{"line":226,"column":27}}},"34":{"name":"beginTransaction","line":233,"loc":{"start":{"line":233,"column":0},"end":{"line":233,"column":28}}},"35":{"name":"commitTransaction","line":237,"loc":{"start":{"line":237,"column":0},"end":{"line":237,"column":29}}},"36":{"name":"(anonymous_36)","line":243,"loc":{"start":{"line":243,"column":30},"end":{"line":243,"column":43}}},"37":{"name":"(anonymous_37)","line":252,"loc":{"start":{"line":252,"column":30},"end":{"line":252,"column":43}}},"38":{"name":"abortTransaction","line":258,"loc":{"start":{"line":258,"column":0},"end":{"line":258,"column":28}}},"39":{"name":"(anonymous_39)","line":261,"loc":{"start":{"line":261,"column":28},"end":{"line":261,"column":44}}},"40":{"name":"ticker","line":270,"loc":{"start":{"line":270,"column":0},"end":{"line":270,"column":19}}},"41":{"name":"(anonymous_41)","line":277,"loc":{"start":{"line":277,"column":10},"end":{"line":277,"column":22}}},"42":{"name":"(anonymous_42)","line":282,"loc":{"start":{"line":282,"column":11},"end":{"line":282,"column":23}}},"43":{"name":"(anonymous_43)","line":287,"loc":{"start":{"line":287,"column":13},"end":{"line":287,"column":25}}},"44":{"name":"Derivation","line":298,"loc":{"start":{"line":298,"column":0},"end":{"line":298,"column":30}}},"45":{"name":"(anonymous_45)","line":313,"loc":{"start":{"line":313,"column":10},"end":{"line":313,"column":22}}},"46":{"name":"(anonymous_46)","line":317,"loc":{"start":{"line":317,"column":14},"end":{"line":317,"column":26}}},"47":{"name":"(anonymous_47)","line":360,"loc":{"start":{"line":360,"column":11},"end":{"line":360,"column":23}}},"48":{"name":"(anonymous_48)","line":374,"loc":{"start":{"line":374,"column":7},"end":{"line":374,"column":19}}},"49":{"name":"detach","line":385,"loc":{"start":{"line":385,"column":0},"end":{"line":385,"column":32}}},"50":{"name":"_derivation","line":397,"loc":{"start":{"line":397,"column":0},"end":{"line":397,"column":31}}},"51":{"name":"Reactor","line":401,"loc":{"start":{"line":401,"column":0},"end":{"line":401,"column":42}}},"52":{"name":"(anonymous_52)","line":417,"loc":{"start":{"line":417,"column":9},"end":{"line":417,"column":21}}},"53":{"name":"(anonymous_53)","line":434,"loc":{"start":{"line":434,"column":10},"end":{"line":434,"column":31}}},"54":{"name":"(anonymous_54)","line":448,"loc":{"start":{"line":448,"column":9},"end":{"line":448,"column":21}}},"55":{"name":"(anonymous_55)","line":454,"loc":{"start":{"line":454,"column":15},"end":{"line":454,"column":27}}},"56":{"name":"(anonymous_56)","line":468,"loc":{"start":{"line":468,"column":8},"end":{"line":468,"column":20}}},"57":{"name":"makeReactor","line":475,"loc":{"start":{"line":475,"column":0},"end":{"line":475,"column":42}}},"58":{"name":"condDerivable","line":489,"loc":{"start":{"line":489,"column":2},"end":{"line":489,"column":37}}},"59":{"name":"(anonymous_59)","line":494,"loc":{"start":{"line":494,"column":27},"end":{"line":494,"column":39}}},"60":{"name":"(anonymous_60)","line":504,"loc":{"start":{"line":504,"column":39},"end":{"line":504,"column":54}}},"61":{"name":"(anonymous_61)","line":522,"loc":{"start":{"line":522,"column":31},"end":{"line":522,"column":43}}},"62":{"name":"(anonymous_62)","line":529,"loc":{"start":{"line":529,"column":43},"end":{"line":529,"column":60}}},"63":{"name":"(anonymous_63)","line":547,"loc":{"start":{"line":547,"column":37},"end":{"line":547,"column":53}}},"64":{"name":"Atom","line":557,"loc":{"start":{"line":557,"column":0},"end":{"line":557,"column":22}}},"65":{"name":"(anonymous_65)","line":568,"loc":{"start":{"line":568,"column":10},"end":{"line":568,"column":22}}},"66":{"name":"(anonymous_66)","line":572,"loc":{"start":{"line":572,"column":7},"end":{"line":572,"column":24}}},"67":{"name":"(anonymous_67)","line":592,"loc":{"start":{"line":592,"column":7},"end":{"line":592,"column":19}}},"68":{"name":"atom$1","line":598,"loc":{"start":{"line":598,"column":0},"end":{"line":598,"column":24}}},"69":{"name":"Lens","line":602,"loc":{"start":{"line":602,"column":0},"end":{"line":602,"column":27}}},"70":{"name":"(anonymous_70)","line":609,"loc":{"start":{"line":609,"column":10},"end":{"line":609,"column":22}}},"71":{"name":"(anonymous_71)","line":613,"loc":{"start":{"line":613,"column":7},"end":{"line":613,"column":24}}},"72":{"name":"(anonymous_72)","line":615,"loc":{"start":{"line":615,"column":15},"end":{"line":615,"column":27}}},"73":{"name":"lens$1","line":622,"loc":{"start":{"line":622,"column":0},"end":{"line":622,"column":29}}},"74":{"name":"derive","line":643,"loc":{"start":{"line":643,"column":0},"end":{"line":643,"column":24}}},"75":{"name":"(anonymous_75)","line":645,"loc":{"start":{"line":645,"column":20},"end":{"line":645,"column":32}}},"76":{"name":"unpack","line":660,"loc":{"start":{"line":660,"column":0},"end":{"line":660,"column":24}}},"77":{"name":"lift","line":671,"loc":{"start":{"line":671,"column":0},"end":{"line":671,"column":18}}},"78":{"name":"(anonymous_78)","line":672,"loc":{"start":{"line":672,"column":9},"end":{"line":672,"column":21}}},"79":{"name":"(anonymous_79)","line":675,"loc":{"start":{"line":675,"column":22},"end":{"line":675,"column":34}}},"80":{"name":"deepUnpack","line":681,"loc":{"start":{"line":681,"column":0},"end":{"line":681,"column":28}}},"81":{"name":"struct","line":699,"loc":{"start":{"line":699,"column":0},"end":{"line":699,"column":22}}},"82":{"name":"(anonymous_82)","line":701,"loc":{"start":{"line":701,"column":22},"end":{"line":701,"column":34}}},"83":{"name":"andOrFn","line":709,"loc":{"start":{"line":709,"column":0},"end":{"line":709,"column":27}}},"84":{"name":"(anonymous_84)","line":710,"loc":{"start":{"line":710,"column":9},"end":{"line":710,"column":21}}},"85":{"name":"(anonymous_85)","line":712,"loc":{"start":{"line":712,"column":22},"end":{"line":712,"column":34}}},"86":{"name":"identity","line":724,"loc":{"start":{"line":724,"column":0},"end":{"line":724,"column":22}}},"87":{"name":"complement","line":725,"loc":{"start":{"line":725,"column":0},"end":{"line":725,"column":24}}},"88":{"name":"(anonymous_88)","line":725,"loc":{"start":{"line":725,"column":33},"end":{"line":725,"column":46}}},"89":{"name":"(anonymous_89)","line":761,"loc":{"start":{"line":761,"column":10},"end":{"line":761,"column":35}}},"90":{"name":"(anonymous_90)","line":769,"loc":{"start":{"line":769,"column":28},"end":{"line":769,"column":40}}},"91":{"name":"(anonymous_91)","line":774,"loc":{"start":{"line":774,"column":28},"end":{"line":774,"column":40}}},"92":{"name":"(anonymous_92)","line":779,"loc":{"start":{"line":779,"column":25},"end":{"line":779,"column":38}}},"93":{"name":"(anonymous_93)","line":783,"loc":{"start":{"line":783,"column":30},"end":{"line":783,"column":42}}},"94":{"name":"(anonymous_94)","line":787,"loc":{"start":{"line":787,"column":30},"end":{"line":787,"column":42}}},"95":{"name":"(anonymous_95)","line":809,"loc":{"start":{"line":809,"column":24},"end":{"line":809,"column":36}}},"96":{"name":"(anonymous_96)","line":813,"loc":{"start":{"line":813,"column":24},"end":{"line":813,"column":36}}},"97":{"name":"(anonymous_97)","line":817,"loc":{"start":{"line":817,"column":24},"end":{"line":817,"column":36}}},"98":{"name":"(anonymous_98)","line":824,"loc":{"start":{"line":824,"column":24},"end":{"line":824,"column":36}}},"99":{"name":"(anonymous_99)","line":833,"loc":{"start":{"line":833,"column":24},"end":{"line":833,"column":36}}},"100":{"name":"(anonymous_100)","line":839,"loc":{"start":{"line":839,"column":9},"end":{"line":839,"column":28}}},"101":{"name":"(anonymous_101)","line":843,"loc":{"start":{"line":843,"column":6},"end":{"line":843,"column":23}}},"102":{"name":"(anonymous_102)","line":847,"loc":{"start":{"line":847,"column":7},"end":{"line":847,"column":24}}},"103":{"name":"(anonymous_103)","line":848,"loc":{"start":{"line":848,"column":23},"end":{"line":848,"column":36}}},"104":{"name":"(anonymous_104)","line":851,"loc":{"start":{"line":851,"column":6},"end":{"line":851,"column":23}}},"105":{"name":"(anonymous_105)","line":852,"loc":{"start":{"line":852,"column":23},"end":{"line":852,"column":36}}},"106":{"name":"(anonymous_106)","line":855,"loc":{"start":{"line":855,"column":8},"end":{"line":855,"column":42}}},"107":{"name":"(anonymous_107)","line":856,"loc":{"start":{"line":856,"column":23},"end":{"line":856,"column":36}}},"108":{"name":"(anonymous_108)","line":861,"loc":{"start":{"line":861,"column":9},"end":{"line":861,"column":43}}},"109":{"name":"(anonymous_109)","line":862,"loc":{"start":{"line":862,"column":23},"end":{"line":862,"column":36}}},"110":{"name":"(anonymous_110)","line":867,"loc":{"start":{"line":867,"column":7},"end":{"line":867,"column":24}}},"111":{"name":"(anonymous_111)","line":871,"loc":{"start":{"line":871,"column":11},"end":{"line":871,"column":26}}},"112":{"name":"(anonymous_112)","line":874,"loc":{"start":{"line":874,"column":21},"end":{"line":874,"column":34}}},"113":{"name":"(anonymous_113)","line":880,"loc":{"start":{"line":880,"column":8},"end":{"line":880,"column":25}}},"114":{"name":"(anonymous_114)","line":884,"loc":{"start":{"line":884,"column":7},"end":{"line":884,"column":19}}},"115":{"name":"(anonymous_115)","line":885,"loc":{"start":{"line":885,"column":23},"end":{"line":885,"column":36}}},"116":{"name":"(anonymous_116)","line":888,"loc":{"start":{"line":888,"column":16},"end":{"line":888,"column":34}}},"117":{"name":"(anonymous_117)","line":900,"loc":{"start":{"line":900,"column":12},"end":{"line":900,"column":28}}},"118":{"name":"(anonymous_118)","line":905,"loc":{"start":{"line":905,"column":28},"end":{"line":905,"column":40}}},"119":{"name":"(anonymous_119)","line":908,"loc":{"start":{"line":908,"column":21},"end":{"line":908,"column":34}}},"120":{"name":"(anonymous_120)","line":922,"loc":{"start":{"line":922,"column":8},"end":{"line":922,"column":21}}},"121":{"name":"(anonymous_121)","line":927,"loc":{"start":{"line":927,"column":8},"end":{"line":927,"column":38}}},"122":{"name":"(anonymous_122)","line":930,"loc":{"start":{"line":930,"column":11},"end":{"line":930,"column":23}}},"123":{"name":"(anonymous_123)","line":933,"loc":{"start":{"line":933,"column":11},"end":{"line":933,"column":26}}}},"statementMap":{"1":{"start":{"line":3,"column":0},"end":{"line":3,"column":23}},"2":{"start":{"line":5,"column":0},"end":{"line":15,"column":1}},"3":{"start":{"line":6,"column":2},"end":{"line":13,"column":3}},"4":{"start":{"line":7,"column":4},"end":{"line":7,"column":29}},"5":{"start":{"line":8,"column":4},"end":{"line":8,"column":31}},"6":{"start":{"line":9,"column":4},"end":{"line":12,"column":5}},"7":{"start":{"line":10,"column":6},"end":{"line":10,"column":23}},"8":{"start":{"line":11,"column":6},"end":{"line":11,"column":30}},"9":{"start":{"line":14,"column":2},"end":{"line":14,"column":13}},"10":{"start":{"line":17,"column":0},"end":{"line":17,"column":27}},"11":{"start":{"line":19,"column":0},"end":{"line":21,"column":1}},"12":{"start":{"line":20,"column":2},"end":{"line":20,"column":26}},"13":{"start":{"line":23,"column":0},"end":{"line":32,"column":1}},"14":{"start":{"line":25,"column":2},"end":{"line":31,"column":3}},"15":{"start":{"line":27,"column":4},"end":{"line":27,"column":38}},"16":{"start":{"line":30,"column":4},"end":{"line":30,"column":30}},"17":{"start":{"line":34,"column":0},"end":{"line":36,"column":1}},"18":{"start":{"line":35,"column":2},"end":{"line":35,"column":75}},"19":{"start":{"line":38,"column":0},"end":{"line":43,"column":1}},"20":{"start":{"line":39,"column":2},"end":{"line":39,"column":23}},"21":{"start":{"line":40,"column":2},"end":{"line":42,"column":3}},"22":{"start":{"line":41,"column":4},"end":{"line":41,"column":14}},"23":{"start":{"line":45,"column":0},"end":{"line":50,"column":1}},"24":{"start":{"line":46,"column":2},"end":{"line":46,"column":23}},"25":{"start":{"line":47,"column":2},"end":{"line":49,"column":3}},"26":{"start":{"line":48,"column":4},"end":{"line":48,"column":19}},"27":{"start":{"line":52,"column":0},"end":{"line":52,"column":16}},"28":{"start":{"line":53,"column":0},"end":{"line":55,"column":1}},"29":{"start":{"line":54,"column":2},"end":{"line":54,"column":19}},"30":{"start":{"line":57,"column":0},"end":{"line":59,"column":1}},"31":{"start":{"line":58,"column":2},"end":{"line":58,"column":42}},"32":{"start":{"line":61,"column":0},"end":{"line":61,"column":68}},"33":{"start":{"line":61,"column":50},"end":{"line":61,"column":63}},"34":{"start":{"line":63,"column":0},"end":{"line":65,"column":1}},"35":{"start":{"line":64,"column":2},"end":{"line":64,"column":40}},"36":{"start":{"line":67,"column":0},"end":{"line":67,"column":23}},"37":{"start":{"line":68,"column":0},"end":{"line":70,"column":1}},"38":{"start":{"line":69,"column":2},"end":{"line":69,"column":21}},"39":{"start":{"line":72,"column":0},"end":{"line":75,"column":1}},"40":{"start":{"line":73,"column":2},"end":{"line":73,"column":29}},"41":{"start":{"line":74,"column":2},"end":{"line":74,"column":19}},"42":{"start":{"line":77,"column":0},"end":{"line":77,"column":18}},"43":{"start":{"line":78,"column":0},"end":{"line":78,"column":30}},"44":{"start":{"line":79,"column":0},"end":{"line":79,"column":18}},"45":{"start":{"line":80,"column":0},"end":{"line":80,"column":24}},"46":{"start":{"line":82,"column":0},"end":{"line":87,"column":1}},"47":{"start":{"line":83,"column":2},"end":{"line":86,"column":28}},"48":{"start":{"line":89,"column":0},"end":{"line":91,"column":1}},"49":{"start":{"line":90,"column":2},"end":{"line":90,"column":53}},"50":{"start":{"line":93,"column":0},"end":{"line":95,"column":1}},"51":{"start":{"line":94,"column":2},"end":{"line":94,"column":59}},"52":{"start":{"line":97,"column":0},"end":{"line":99,"column":1}},"53":{"start":{"line":98,"column":2},"end":{"line":98,"column":31}},"54":{"start":{"line":101,"column":0},"end":{"line":101,"column":16}},"55":{"start":{"line":102,"column":0},"end":{"line":102,"column":16}},"56":{"start":{"line":103,"column":0},"end":{"line":103,"column":18}},"57":{"start":{"line":104,"column":0},"end":{"line":104,"column":21}},"58":{"start":{"line":106,"column":0},"end":{"line":106,"column":22}},"59":{"start":{"line":107,"column":0},"end":{"line":107,"column":17}},"60":{"start":{"line":109,"column":0},"end":{"line":112,"column":1}},"61":{"start":{"line":110,"column":2},"end":{"line":110,"column":24}},"62":{"start":{"line":111,"column":2},"end":{"line":111,"column":17}},"63":{"start":{"line":113,"column":0},"end":{"line":115,"column":1}},"64":{"start":{"line":114,"column":2},"end":{"line":114,"column":47}},"65":{"start":{"line":116,"column":0},"end":{"line":119,"column":1}},"66":{"start":{"line":117,"column":2},"end":{"line":117,"column":21}},"67":{"start":{"line":118,"column":2},"end":{"line":118,"column":15}},"68":{"start":{"line":121,"column":0},"end":{"line":126,"column":1}},"69":{"start":{"line":122,"column":2},"end":{"line":125,"column":3}},"70":{"start":{"line":123,"column":4},"end":{"line":123,"column":50}},"71":{"start":{"line":124,"column":4},"end":{"line":124,"column":41}},"72":{"start":{"line":128,"column":0},"end":{"line":146,"column":1}},"73":{"start":{"line":129,"column":2},"end":{"line":145,"column":3}},"74":{"start":{"line":130,"column":4},"end":{"line":130,"column":40}},"75":{"start":{"line":131,"column":4},"end":{"line":144,"column":5}},"76":{"start":{"line":134,"column":8},"end":{"line":137,"column":9}},"77":{"start":{"line":135,"column":10},"end":{"line":135,"column":33}},"78":{"start":{"line":136,"column":10},"end":{"line":136,"column":32}},"79":{"start":{"line":138,"column":8},"end":{"line":138,"column":14}},"80":{"start":{"line":140,"column":8},"end":{"line":140,"column":29}},"81":{"start":{"line":141,"column":8},"end":{"line":141,"column":14}},"82":{"start":{"line":143,"column":8},"end":{"line":143,"column":51}},"83":{"start":{"line":148,"column":0},"end":{"line":157,"column":1}},"84":{"start":{"line":149,"column":2},"end":{"line":156,"column":3}},"85":{"start":{"line":150,"column":4},"end":{"line":150,"column":24}},"86":{"start":{"line":151,"column":4},"end":{"line":154,"column":5}},"87":{"start":{"line":152,"column":6},"end":{"line":153,"column":43}},"88":{"start":{"line":155,"column":4},"end":{"line":155,"column":20}},"89":{"start":{"line":159,"column":0},"end":{"line":159,"column":29}},"90":{"start":{"line":161,"column":0},"end":{"line":163,"column":1}},"91":{"start":{"line":162,"column":2},"end":{"line":162,"column":28}},"92":{"start":{"line":165,"column":0},"end":{"line":169,"column":1}},"93":{"start":{"line":166,"column":2},"end":{"line":166,"column":23}},"94":{"start":{"line":167,"column":2},"end":{"line":167,"column":29}},"95":{"start":{"line":168,"column":2},"end":{"line":168,"column":26}},"96":{"start":{"line":171,"column":0},"end":{"line":178,"column":1}},"97":{"start":{"line":172,"column":2},"end":{"line":177,"column":3}},"98":{"start":{"line":173,"column":4},"end":{"line":176,"column":5}},"99":{"start":{"line":174,"column":6},"end":{"line":174,"column":42}},"100":{"start":{"line":175,"column":6},"end":{"line":175,"column":58}},"101":{"start":{"line":180,"column":0},"end":{"line":180,"column":22}},"102":{"start":{"line":182,"column":0},"end":{"line":184,"column":1}},"103":{"start":{"line":183,"column":2},"end":{"line":183,"column":29}},"104":{"start":{"line":186,"column":0},"end":{"line":199,"column":1}},"105":{"start":{"line":187,"column":2},"end":{"line":187,"column":21}},"106":{"start":{"line":188,"column":2},"end":{"line":197,"column":3}},"107":{"start":{"line":189,"column":4},"end":{"line":189,"column":35}},"108":{"start":{"line":192,"column":4},"end":{"line":192,"column":23}},"109":{"start":{"line":193,"column":4},"end":{"line":195,"column":5}},"110":{"start":{"line":194,"column":6},"end":{"line":194,"column":14}},"111":{"start":{"line":196,"column":4},"end":{"line":196,"column":11}},"112":{"start":{"line":198,"column":2},"end":{"line":198,"column":22}},"113":{"start":{"line":201,"column":0},"end":{"line":207,"column":1}},"114":{"start":{"line":202,"column":2},"end":{"line":206,"column":3}},"115":{"start":{"line":203,"column":4},"end":{"line":203,"column":16}},"116":{"start":{"line":205,"column":4},"end":{"line":205,"column":8}},"117":{"start":{"line":209,"column":0},"end":{"line":219,"column":1}},"118":{"start":{"line":210,"column":2},"end":{"line":218,"column":4}},"119":{"start":{"line":211,"column":4},"end":{"line":211,"column":35}},"120":{"start":{"line":212,"column":4},"end":{"line":212,"column":20}},"121":{"start":{"line":213,"column":4},"end":{"line":213,"column":15}},"122":{"start":{"line":214,"column":4},"end":{"line":216,"column":7}},"123":{"start":{"line":215,"column":6},"end":{"line":215,"column":35}},"124":{"start":{"line":217,"column":4},"end":{"line":217,"column":18}},"125":{"start":{"line":221,"column":0},"end":{"line":231,"column":1}},"126":{"start":{"line":222,"column":2},"end":{"line":230,"column":4}},"127":{"start":{"line":223,"column":4},"end":{"line":223,"column":35}},"128":{"start":{"line":224,"column":4},"end":{"line":224,"column":20}},"129":{"start":{"line":225,"column":4},"end":{"line":225,"column":15}},"130":{"start":{"line":226,"column":4},"end":{"line":228,"column":7}},"131":{"start":{"line":227,"column":6},"end":{"line":227,"column":35}},"132":{"start":{"line":229,"column":4},"end":{"line":229,"column":18}},"133":{"start":{"line":233,"column":0},"end":{"line":235,"column":1}},"134":{"start":{"line":234,"column":2},"end":{"line":234,"column":50}},"135":{"start":{"line":237,"column":0},"end":{"line":256,"column":1}},"136":{"start":{"line":238,"column":2},"end":{"line":238,"column":23}},"137":{"start":{"line":239,"column":2},"end":{"line":239,"column":26}},"138":{"start":{"line":241,"column":2},"end":{"line":255,"column":3}},"139":{"start":{"line":242,"column":4},"end":{"line":242,"column":22}},"140":{"start":{"line":243,"column":4},"end":{"line":250,"column":7}},"141":{"start":{"line":244,"column":6},"end":{"line":249,"column":7}},"142":{"start":{"line":245,"column":8},"end":{"line":245,"column":29}},"143":{"start":{"line":247,"column":8},"end":{"line":247,"column":27}},"144":{"start":{"line":248,"column":8},"end":{"line":248,"column":26}},"145":{"start":{"line":251,"column":4},"end":{"line":251,"column":30}},"146":{"start":{"line":252,"column":4},"end":{"line":254,"column":7}},"147":{"start":{"line":253,"column":6},"end":{"line":253,"column":27}},"148":{"start":{"line":258,"column":0},"end":{"line":266,"column":1}},"149":{"start":{"line":259,"column":2},"end":{"line":259,"column":23}},"150":{"start":{"line":260,"column":2},"end":{"line":260,"column":26}},"151":{"start":{"line":261,"column":2},"end":{"line":265,"column":5}},"152":{"start":{"line":262,"column":4},"end":{"line":262,"column":49}},"153":{"start":{"line":263,"column":4},"end":{"line":263,"column":28}},"154":{"start":{"line":264,"column":4},"end":{"line":264,"column":19}},"155":{"start":{"line":268,"column":0},"end":{"line":268,"column":24}},"156":{"start":{"line":270,"column":0},"end":{"line":296,"column":1}},"157":{"start":{"line":271,"column":2},"end":{"line":273,"column":3}},"158":{"start":{"line":272,"column":4},"end":{"line":272,"column":23}},"159":{"start":{"line":274,"column":2},"end":{"line":274,"column":20}},"160":{"start":{"line":275,"column":2},"end":{"line":275,"column":19}},"161":{"start":{"line":276,"column":2},"end":{"line":295,"column":4}},"162":{"start":{"line":278,"column":6},"end":{"line":278,"column":70}},"163":{"start":{"line":278,"column":16},"end":{"line":278,"column":70}},"164":{"start":{"line":279,"column":6},"end":{"line":279,"column":26}},"165":{"start":{"line":280,"column":6},"end":{"line":280,"column":25}},"166":{"start":{"line":283,"column":6},"end":{"line":283,"column":70}},"167":{"start":{"line":283,"column":16},"end":{"line":283,"column":70}},"168":{"start":{"line":284,"column":6},"end":{"line":284,"column":25}},"169":{"start":{"line":285,"column":6},"end":{"line":285,"column":25}},"170":{"start":{"line":288,"column":6},"end":{"line":288,"column":59}},"171":{"start":{"line":288,"column":16},"end":{"line":288,"column":59}},"172":{"start":{"line":289,"column":6},"end":{"line":289,"column":24}},"173":{"start":{"line":290,"column":6},"end":{"line":290,"column":18}},"174":{"start":{"line":291,"column":6},"end":{"line":293,"column":7}},"175":{"start":{"line":292,"column":8},"end":{"line":292,"column":28}},"176":{"start":{"line":298,"column":0},"end":{"line":310,"column":1}},"177":{"start":{"line":299,"column":2},"end":{"line":299,"column":26}},"178":{"start":{"line":300,"column":2},"end":{"line":300,"column":23}},"179":{"start":{"line":301,"column":2},"end":{"line":301,"column":26}},"180":{"start":{"line":302,"column":2},"end":{"line":302,"column":23}},"181":{"start":{"line":303,"column":2},"end":{"line":303,"column":22}},"182":{"start":{"line":304,"column":2},"end":{"line":304,"column":28}},"183":{"start":{"line":305,"column":2},"end":{"line":305,"column":29}},"184":{"start":{"line":307,"column":2},"end":{"line":309,"column":3}},"185":{"start":{"line":308,"column":4},"end":{"line":308,"column":31}},"186":{"start":{"line":312,"column":0},"end":{"line":383,"column":3}},"187":{"start":{"line":314,"column":4},"end":{"line":314,"column":63}},"188":{"start":{"line":318,"column":4},"end":{"line":318,"column":20}},"189":{"start":{"line":319,"column":4},"end":{"line":319,"column":22}},"190":{"start":{"line":320,"column":4},"end":{"line":320,"column":26}},"191":{"start":{"line":322,"column":4},"end":{"line":337,"column":5}},"192":{"start":{"line":323,"column":6},"end":{"line":323,"column":34}},"193":{"start":{"line":324,"column":6},"end":{"line":333,"column":7}},"194":{"start":{"line":325,"column":8},"end":{"line":325,"column":33}},"195":{"start":{"line":327,"column":8},"end":{"line":332,"column":9}},"196":{"start":{"line":328,"column":10},"end":{"line":328,"column":35}},"197":{"start":{"line":330,"column":10},"end":{"line":330,"column":36}},"198":{"start":{"line":331,"column":10},"end":{"line":331,"column":18}},"199":{"start":{"line":334,"column":6},"end":{"line":334,"column":37}},"200":{"start":{"line":336,"column":6},"end":{"line":336,"column":29}},"201":{"start":{"line":339,"column":4},"end":{"line":343,"column":5}},"202":{"start":{"line":340,"column":6},"end":{"line":340,"column":28}},"203":{"start":{"line":342,"column":6},"end":{"line":342,"column":30}},"204":{"start":{"line":345,"column":4},"end":{"line":354,"column":5}},"205":{"start":{"line":347,"column":6},"end":{"line":347,"column":37}},"206":{"start":{"line":348,"column":6},"end":{"line":353,"column":7}},"207":{"start":{"line":349,"column":8},"end":{"line":349,"column":41}},"208":{"start":{"line":350,"column":8},"end":{"line":352,"column":9}},"209":{"start":{"line":351,"column":10},"end":{"line":351,"column":34}},"210":{"start":{"line":356,"column":4},"end":{"line":356,"column":31}},"211":{"start":{"line":357,"column":4},"end":{"line":357,"column":25}},"212":{"start":{"line":361,"column":4},"end":{"line":371,"column":5}},"213":{"start":{"line":362,"column":6},"end":{"line":362,"column":24}},"214":{"start":{"line":363,"column":11},"end":{"line":371,"column":5}},"215":{"start":{"line":364,"column":6},"end":{"line":364,"column":37}},"216":{"start":{"line":365,"column":6},"end":{"line":370,"column":7}},"217":{"start":{"line":366,"column":8},"end":{"line":369,"column":9}},"218":{"start":{"line":367,"column":10},"end":{"line":367,"column":28}},"219":{"start":{"line":368,"column":10},"end":{"line":368,"column":16}},"220":{"start":{"line":375,"column":4},"end":{"line":381,"column":5}},"221":{"start":{"line":376,"column":6},"end":{"line":376,"column":31}},"222":{"start":{"line":377,"column":6},"end":{"line":377,"column":21}},"223":{"start":{"line":378,"column":6},"end":{"line":378,"column":25}},"224":{"start":{"line":380,"column":6},"end":{"line":380,"column":29}},"225":{"start":{"line":385,"column":0},"end":{"line":395,"column":1}},"226":{"start":{"line":386,"column":2},"end":{"line":386,"column":49}},"227":{"start":{"line":387,"column":2},"end":{"line":394,"column":3}},"228":{"start":{"line":388,"column":4},"end":{"line":388,"column":37}},"229":{"start":{"line":389,"column":4},"end":{"line":391,"column":5}},"230":{"start":{"line":390,"column":6},"end":{"line":390,"column":41}},"231":{"start":{"line":392,"column":4},"end":{"line":392,"column":27}},"232":{"start":{"line":393,"column":4},"end":{"line":393,"column":33}},"233":{"start":{"line":397,"column":0},"end":{"line":399,"column":1}},"234":{"start":{"line":398,"column":2},"end":{"line":398,"column":33}},"235":{"start":{"line":401,"column":0},"end":{"line":414,"column":1}},"236":{"start":{"line":402,"column":2},"end":{"line":402,"column":24}},"237":{"start":{"line":403,"column":2},"end":{"line":405,"column":3}},"238":{"start":{"line":404,"column":4},"end":{"line":404,"column":23}},"239":{"start":{"line":406,"column":2},"end":{"line":406,"column":36}},"240":{"start":{"line":407,"column":2},"end":{"line":407,"column":23}},"241":{"start":{"line":408,"column":2},"end":{"line":408,"column":25}},"242":{"start":{"line":409,"column":2},"end":{"line":409,"column":23}},"243":{"start":{"line":411,"column":2},"end":{"line":413,"column":3}},"244":{"start":{"line":412,"column":4},"end":{"line":412,"column":31}},"245":{"start":{"line":416,"column":0},"end":{"line":473,"column":3}},"246":{"start":{"line":418,"column":4},"end":{"line":420,"column":5}},"247":{"start":{"line":419,"column":6},"end":{"line":419,"column":40}},"248":{"start":{"line":422,"column":4},"end":{"line":422,"column":24}},"249":{"start":{"line":424,"column":4},"end":{"line":424,"column":51}},"250":{"start":{"line":426,"column":4},"end":{"line":428,"column":5}},"251":{"start":{"line":427,"column":6},"end":{"line":427,"column":36}},"252":{"start":{"line":430,"column":4},"end":{"line":430,"column":23}},"253":{"start":{"line":431,"column":4},"end":{"line":431,"column":16}},"254":{"start":{"line":435,"column":4},"end":{"line":445,"column":5}},"255":{"start":{"line":436,"column":6},"end":{"line":436,"column":28}},"256":{"start":{"line":437,"column":6},"end":{"line":437,"column":28}},"257":{"start":{"line":439,"column":6},"end":{"line":441,"column":7}},"258":{"start":{"line":440,"column":8},"end":{"line":440,"column":34}},"259":{"start":{"line":442,"column":6},"end":{"line":442,"column":14}},"260":{"start":{"line":444,"column":6},"end":{"line":444,"column":29}},"261":{"start":{"line":449,"column":4},"end":{"line":449,"column":36}},"262":{"start":{"line":451,"column":4},"end":{"line":451,"column":16}},"263":{"start":{"line":455,"column":4},"end":{"line":466,"column":5}},"264":{"start":{"line":456,"column":6},"end":{"line":458,"column":7}},"265":{"start":{"line":457,"column":8},"end":{"line":457,"column":37}},"266":{"start":{"line":460,"column":6},"end":{"line":465,"column":7}},"267":{"start":{"line":461,"column":8},"end":{"line":461,"column":43}},"268":{"start":{"line":462,"column":8},"end":{"line":464,"column":9}},"269":{"start":{"line":463,"column":10},"end":{"line":463,"column":33}},"270":{"start":{"line":469,"column":4},"end":{"line":469,"column":31}},"271":{"start":{"line":470,"column":4},"end":{"line":470,"column":25}},"272":{"start":{"line":471,"column":4},"end":{"line":471,"column":16}},"273":{"start":{"line":475,"column":0},"end":{"line":555,"column":1}},"274":{"start":{"line":476,"column":2},"end":{"line":478,"column":3}},"275":{"start":{"line":477,"column":4},"end":{"line":477,"column":67}},"276":{"start":{"line":480,"column":2},"end":{"line":486,"column":11}},"277":{"start":{"line":489,"column":2},"end":{"line":500,"column":3}},"278":{"start":{"line":490,"column":4},"end":{"line":498,"column":5}},"279":{"start":{"line":491,"column":6},"end":{"line":497,"column":7}},"280":{"start":{"line":492,"column":8},"end":{"line":492,"column":33}},"281":{"start":{"line":493,"column":13},"end":{"line":497,"column":7}},"282":{"start":{"line":494,"column":8},"end":{"line":494,"column":57}},"283":{"start":{"line":494,"column":41},"end":{"line":494,"column":53}},"284":{"start":{"line":496,"column":8},"end":{"line":496,"column":100}},"285":{"start":{"line":499,"column":4},"end":{"line":499,"column":16}},"286":{"start":{"line":504,"column":2},"end":{"line":514,"column":5}},"287":{"start":{"line":505,"column":4},"end":{"line":513,"column":5}},"288":{"start":{"line":506,"column":6},"end":{"line":506,"column":29}},"289":{"start":{"line":508,"column":6},"end":{"line":508,"column":13}},"290":{"start":{"line":509,"column":6},"end":{"line":512,"column":7}},"291":{"start":{"line":510,"column":8},"end":{"line":510,"column":20}},"292":{"start":{"line":511,"column":8},"end":{"line":511,"column":26}},"293":{"start":{"line":519,"column":2},"end":{"line":519,"column":50}},"294":{"start":{"line":520,"column":2},"end":{"line":520,"column":47}},"295":{"start":{"line":522,"column":2},"end":{"line":527,"column":5}},"296":{"start":{"line":523,"column":4},"end":{"line":526,"column":6}},"297":{"start":{"line":529,"column":2},"end":{"line":540,"column":5}},"298":{"start":{"line":530,"column":4},"end":{"line":539,"column":5}},"299":{"start":{"line":531,"column":6},"end":{"line":531,"column":21}},"300":{"start":{"line":532,"column":6},"end":{"line":532,"column":18}},"301":{"start":{"line":533,"column":11},"end":{"line":539,"column":5}},"302":{"start":{"line":534,"column":6},"end":{"line":536,"column":7}},"303":{"start":{"line":535,"column":8},"end":{"line":535,"column":32}},"304":{"start":{"line":537,"column":11},"end":{"line":539,"column":5}},"305":{"start":{"line":538,"column":6},"end":{"line":538,"column":21}},"306":{"start":{"line":542,"column":2},"end":{"line":542,"column":33}},"307":{"start":{"line":546,"column":2},"end":{"line":546,"column":47}},"308":{"start":{"line":547,"column":2},"end":{"line":552,"column":5}},"309":{"start":{"line":548,"column":4},"end":{"line":551,"column":5}},"310":{"start":{"line":549,"column":6},"end":{"line":549,"column":33}},"311":{"start":{"line":550,"column":6},"end":{"line":550,"column":18}},"312":{"start":{"line":554,"column":2},"end":{"line":554,"column":28}},"313":{"start":{"line":557,"column":0},"end":{"line":565,"column":1}},"314":{"start":{"line":558,"column":2},"end":{"line":558,"column":22}},"315":{"start":{"line":559,"column":2},"end":{"line":559,"column":28}},"316":{"start":{"line":560,"column":2},"end":{"line":560,"column":22}},"317":{"start":{"line":561,"column":2},"end":{"line":561,"column":26}},"318":{"start":{"line":562,"column":2},"end":{"line":562,"column":20}},"319":{"start":{"line":563,"column":2},"end":{"line":563,"column":22}},"320":{"start":{"line":564,"column":2},"end":{"line":564,"column":14}},"321":{"start":{"line":567,"column":0},"end":{"line":596,"column":3}},"322":{"start":{"line":569,"column":4},"end":{"line":569,"column":56}},"323":{"start":{"line":573,"column":4},"end":{"line":573,"column":21}},"324":{"start":{"line":575,"column":4},"end":{"line":575,"column":31}},"325":{"start":{"line":576,"column":4},"end":{"line":576,"column":24}},"326":{"start":{"line":578,"column":4},"end":{"line":589,"column":5}},"327":{"start":{"line":579,"column":6},"end":{"line":588,"column":7}},"328":{"start":{"line":580,"column":8},"end":{"line":587,"column":9}},"329":{"start":{"line":581,"column":10},"end":{"line":581,"column":32}},"330":{"start":{"line":582,"column":10},"end":{"line":582,"column":28}},"331":{"start":{"line":583,"column":10},"end":{"line":583,"column":31}},"332":{"start":{"line":584,"column":10},"end":{"line":584,"column":36}},"333":{"start":{"line":586,"column":10},"end":{"line":586,"column":34}},"334":{"start":{"line":593,"column":4},"end":{"line":593,"column":29}},"335":{"start":{"line":594,"column":4},"end":{"line":594,"column":23}},"336":{"start":{"line":598,"column":0},"end":{"line":600,"column":1}},"337":{"start":{"line":599,"column":2},"end":{"line":599,"column":25}},"338":{"start":{"line":602,"column":0},"end":{"line":606,"column":1}},"339":{"start":{"line":603,"column":2},"end":{"line":603,"column":40}},"340":{"start":{"line":604,"column":2},"end":{"line":604,"column":36}},"341":{"start":{"line":605,"column":2},"end":{"line":605,"column":20}},"342":{"start":{"line":608,"column":0},"end":{"line":620,"column":3}},"343":{"start":{"line":610,"column":4},"end":{"line":610,"column":67}},"344":{"start":{"line":614,"column":4},"end":{"line":614,"column":20}},"345":{"start":{"line":615,"column":4},"end":{"line":617,"column":7}},"346":{"start":{"line":616,"column":6},"end":{"line":616,"column":38}},"347":{"start":{"line":618,"column":4},"end":{"line":618,"column":16}},"348":{"start":{"line":622,"column":0},"end":{"line":624,"column":1}},"349":{"start":{"line":623,"column":2},"end":{"line":623,"column":30}},"350":{"start":{"line":626,"column":0},"end":{"line":626,"column":26}},"351":{"start":{"line":627,"column":0},"end":{"line":627,"column":34}},"352":{"start":{"line":628,"column":0},"end":{"line":628,"column":32}},"353":{"start":{"line":629,"column":0},"end":{"line":629,"column":22}},"354":{"start":{"line":630,"column":0},"end":{"line":630,"column":32}},"355":{"start":{"line":631,"column":0},"end":{"line":631,"column":22}},"356":{"start":{"line":632,"column":0},"end":{"line":632,"column":26}},"357":{"start":{"line":633,"column":0},"end":{"line":633,"column":34}},"358":{"start":{"line":634,"column":0},"end":{"line":634,"column":29}},"359":{"start":{"line":635,"column":0},"end":{"line":635,"column":18}},"360":{"start":{"line":636,"column":0},"end":{"line":636,"column":22}},"361":{"start":{"line":637,"column":0},"end":{"line":637,"column":30}},"362":{"start":{"line":638,"column":0},"end":{"line":638,"column":18}},"363":{"start":{"line":643,"column":0},"end":{"line":655,"column":1}},"364":{"start":{"line":644,"column":2},"end":{"line":644,"column":33}},"365":{"start":{"line":645,"column":2},"end":{"line":654,"column":5}},"366":{"start":{"line":646,"column":4},"end":{"line":646,"column":15}},"367":{"start":{"line":647,"column":4},"end":{"line":652,"column":5}},"368":{"start":{"line":648,"column":6},"end":{"line":648,"column":20}},"369":{"start":{"line":649,"column":6},"end":{"line":651,"column":7}},"370":{"start":{"line":650,"column":8},"end":{"line":650,"column":29}},"371":{"start":{"line":653,"column":4},"end":{"line":653,"column":13}},"372":{"start":{"line":660,"column":0},"end":{"line":666,"column":1}},"373":{"start":{"line":661,"column":2},"end":{"line":665,"column":3}},"374":{"start":{"line":662,"column":4},"end":{"line":662,"column":23}},"375":{"start":{"line":664,"column":4},"end":{"line":664,"column":17}},"376":{"start":{"line":671,"column":0},"end":{"line":679,"column":1}},"377":{"start":{"line":672,"column":2},"end":{"line":678,"column":4}},"378":{"start":{"line":673,"column":4},"end":{"line":673,"column":25}},"379":{"start":{"line":674,"column":4},"end":{"line":674,"column":20}},"380":{"start":{"line":675,"column":4},"end":{"line":677,"column":7}},"381":{"start":{"line":676,"column":6},"end":{"line":676,"column":67}},"382":{"start":{"line":681,"column":0},"end":{"line":697,"column":1}},"383":{"start":{"line":682,"column":2},"end":{"line":696,"column":3}},"384":{"start":{"line":683,"column":4},"end":{"line":683,"column":23}},"385":{"start":{"line":684,"column":9},"end":{"line":696,"column":3}},"386":{"start":{"line":685,"column":4},"end":{"line":685,"column":33}},"387":{"start":{"line":686,"column":9},"end":{"line":696,"column":3}},"388":{"start":{"line":687,"column":4},"end":{"line":687,"column":20}},"389":{"start":{"line":688,"column":4},"end":{"line":688,"column":29}},"390":{"start":{"line":689,"column":4},"end":{"line":692,"column":5}},"391":{"start":{"line":690,"column":6},"end":{"line":690,"column":27}},"392":{"start":{"line":691,"column":6},"end":{"line":691,"column":45}},"393":{"start":{"line":693,"column":4},"end":{"line":693,"column":18}},"394":{"start":{"line":695,"column":4},"end":{"line":695,"column":17}},"395":{"start":{"line":699,"column":0},"end":{"line":707,"column":1}},"396":{"start":{"line":700,"column":2},"end":{"line":706,"column":3}},"397":{"start":{"line":701,"column":4},"end":{"line":703,"column":7}},"398":{"start":{"line":702,"column":6},"end":{"line":702,"column":29}},"399":{"start":{"line":705,"column":4},"end":{"line":705,"column":62}},"400":{"start":{"line":709,"column":0},"end":{"line":723,"column":1}},"401":{"start":{"line":710,"column":2},"end":{"line":722,"column":4}},"402":{"start":{"line":711,"column":4},"end":{"line":711,"column":25}},"403":{"start":{"line":712,"column":4},"end":{"line":721,"column":7}},"404":{"start":{"line":713,"column":6},"end":{"line":713,"column":14}},"405":{"start":{"line":714,"column":6},"end":{"line":719,"column":7}},"406":{"start":{"line":715,"column":8},"end":{"line":715,"column":30}},"407":{"start":{"line":716,"column":8},"end":{"line":718,"column":9}},"408":{"start":{"line":717,"column":10},"end":{"line":717,"column":16}},"409":{"start":{"line":720,"column":6},"end":{"line":720,"column":17}},"410":{"start":{"line":724,"column":0},"end":{"line":724,"column":35}},"411":{"start":{"line":724,"column":24},"end":{"line":724,"column":33}},"412":{"start":{"line":725,"column":0},"end":{"line":725,"column":66}},"413":{"start":{"line":725,"column":26},"end":{"line":725,"column":64}},"414":{"start":{"line":725,"column":48},"end":{"line":725,"column":61}},"415":{"start":{"line":726,"column":0},"end":{"line":726,"column":27}},"416":{"start":{"line":727,"column":0},"end":{"line":727,"column":24}},"417":{"start":{"line":728,"column":0},"end":{"line":728,"column":40}},"418":{"start":{"line":729,"column":0},"end":{"line":729,"column":37}},"419":{"start":{"line":732,"column":0},"end":{"line":754,"column":3}},"420":{"start":{"line":756,"column":0},"end":{"line":903,"column":2}},"421":{"start":{"line":762,"column":4},"end":{"line":762,"column":20}},"422":{"start":{"line":763,"column":4},"end":{"line":836,"column":5}},"423":{"start":{"line":765,"column":6},"end":{"line":765,"column":61}},"424":{"start":{"line":767,"column":6},"end":{"line":807,"column":7}},"425":{"start":{"line":769,"column":10},"end":{"line":771,"column":13}},"426":{"start":{"line":770,"column":12},"end":{"line":770,"column":33}},"427":{"start":{"line":774,"column":10},"end":{"line":776,"column":13}},"428":{"start":{"line":775,"column":12},"end":{"line":775,"column":41}},"429":{"start":{"line":778,"column":10},"end":{"line":806,"column":11}},"430":{"start":{"line":779,"column":12},"end":{"line":781,"column":15}},"431":{"start":{"line":780,"column":14},"end":{"line":780,"column":36}},"432":{"start":{"line":782,"column":17},"end":{"line":806,"column":11}},"433":{"start":{"line":783,"column":12},"end":{"line":785,"column":15}},"434":{"start":{"line":784,"column":14},"end":{"line":784,"column":41}},"435":{"start":{"line":786,"column":17},"end":{"line":806,"column":11}},"436":{"start":{"line":787,"column":12},"end":{"line":803,"column":15}},"437":{"start":{"line":788,"column":14},"end":{"line":788,"column":36}},"438":{"start":{"line":789,"column":14},"end":{"line":789,"column":37}},"439":{"start":{"line":790,"column":14},"end":{"line":802,"column":15}},"440":{"start":{"line":792,"column":18},"end":{"line":792,"column":40}},"441":{"start":{"line":795,"column":18},"end":{"line":795,"column":40}},"442":{"start":{"line":797,"column":18},"end":{"line":801,"column":19}},"443":{"start":{"line":798,"column":20},"end":{"line":798,"column":48}},"444":{"start":{"line":800,"column":20},"end":{"line":800,"column":46}},"445":{"start":{"line":805,"column":12},"end":{"line":805,"column":38}},"446":{"start":{"line":809,"column":6},"end":{"line":811,"column":9}},"447":{"start":{"line":810,"column":8},"end":{"line":810,"column":40}},"448":{"start":{"line":813,"column":6},"end":{"line":815,"column":9}},"449":{"start":{"line":814,"column":8},"end":{"line":814,"column":51}},"450":{"start":{"line":817,"column":6},"end":{"line":822,"column":9}},"451":{"start":{"line":818,"column":8},"end":{"line":821,"column":28}},"452":{"start":{"line":824,"column":6},"end":{"line":830,"column":9}},"453":{"start":{"line":825,"column":8},"end":{"line":829,"column":28}},"454":{"start":{"line":832,"column":6},"end":{"line":832,"column":54}},"455":{"start":{"line":833,"column":6},"end":{"line":835,"column":9}},"456":{"start":{"line":834,"column":8},"end":{"line":834,"column":47}},"457":{"start":{"line":840,"column":4},"end":{"line":840,"column":31}},"458":{"start":{"line":844,"column":4},"end":{"line":844,"column":53}},"459":{"start":{"line":848,"column":4},"end":{"line":848,"column":66}},"460":{"start":{"line":848,"column":37},"end":{"line":848,"column":63}},"461":{"start":{"line":852,"column":4},"end":{"line":852,"column":66}},"462":{"start":{"line":852,"column":37},"end":{"line":852,"column":63}},"463":{"start":{"line":856,"column":4},"end":{"line":858,"column":7}},"464":{"start":{"line":857,"column":6},"end":{"line":857,"column":49}},"465":{"start":{"line":862,"column":4},"end":{"line":864,"column":7}},"466":{"start":{"line":863,"column":6},"end":{"line":863,"column":55}},"467":{"start":{"line":868,"column":4},"end":{"line":868,"column":35}},"468":{"start":{"line":872,"column":4},"end":{"line":877,"column":5}},"469":{"start":{"line":873,"column":6},"end":{"line":873,"column":22}},"470":{"start":{"line":874,"column":6},"end":{"line":874,"column":63}},"471":{"start":{"line":874,"column":36},"end":{"line":874,"column":59}},"472":{"start":{"line":876,"column":6},"end":{"line":876,"column":60}},"473":{"start":{"line":881,"column":4},"end":{"line":881,"column":35}},"474":{"start":{"line":885,"column":4},"end":{"line":885,"column":52}},"475":{"start":{"line":885,"column":38},"end":{"line":885,"column":48}},"476":{"start":{"line":889,"column":4},"end":{"line":895,"column":5}},"477":{"start":{"line":890,"column":6},"end":{"line":892,"column":7}},"478":{"start":{"line":891,"column":8},"end":{"line":891,"column":51}},"479":{"start":{"line":894,"column":6},"end":{"line":894,"column":20}},"480":{"start":{"line":897,"column":4},"end":{"line":897,"column":44}},"481":{"start":{"line":901,"column":4},"end":{"line":901,"column":42}},"482":{"start":{"line":905,"column":0},"end":{"line":919,"column":2}},"483":{"start":{"line":906,"column":2},"end":{"line":906,"column":23}},"484":{"start":{"line":907,"column":2},"end":{"line":907,"column":18}},"485":{"start":{"line":908,"column":2},"end":{"line":918,"column":5}},"486":{"start":{"line":909,"column":4},"end":{"line":909,"column":10}},"487":{"start":{"line":910,"column":4},"end":{"line":914,"column":5}},"488":{"start":{"line":911,"column":6},"end":{"line":913,"column":7}},"489":{"start":{"line":912,"column":8},"end":{"line":912,"column":33}},"490":{"start":{"line":915,"column":4},"end":{"line":917,"column":5}},"491":{"start":{"line":916,"column":6},"end":{"line":916,"column":29}},"492":{"start":{"line":921,"column":0},"end":{"line":938,"column":2}},"493":{"start":{"line":923,"column":4},"end":{"line":923,"column":35}},"494":{"start":{"line":924,"column":4},"end":{"line":924,"column":25}},"495":{"start":{"line":925,"column":4},"end":{"line":925,"column":41}},"496":{"start":{"line":928,"column":4},"end":{"line":928,"column":20}},"497":{"start":{"line":929,"column":4},"end":{"line":936,"column":7}},"498":{"start":{"line":931,"column":8},"end":{"line":931,"column":50}},"499":{"start":{"line":934,"column":8},"end":{"line":934,"column":58}},"500":{"start":{"line":940,"column":0},"end":{"line":940,"column":49}},"501":{"start":{"line":941,"column":0},"end":{"line":941,"column":61}},"502":{"start":{"line":942,"column":0},"end":{"line":942,"column":61}},"503":{"start":{"line":944,"column":0},"end":{"line":944,"column":27}},"504":{"start":{"line":946,"column":0},"end":{"line":946,"column":27}}},"branchMap":{"1":{"line":8,"type":"binary-expr","locations":[{"start":{"line":8,"column":18},"end":{"line":8,"column":23}},{"start":{"line":8,"column":27},"end":{"line":8,"column":29}}]},"2":{"line":19,"type":"if","locations":[{"start":{"line":19,"column":0},"end":{"line":19,"column":0}},{"start":{"line":19,"column":0},"end":{"line":19,"column":0}}]},"3":{"line":25,"type":"if","locations":[{"start":{"line":25,"column":2},"end":{"line":25,"column":2}},{"start":{"line":25,"column":2},"end":{"line":25,"column":2}}]},"4":{"line":27,"type":"binary-expr","locations":[{"start":{"line":27,"column":11},"end":{"line":27,"column":18}},{"start":{"line":27,"column":22},"end":{"line":27,"column":37}}]},"5":{"line":30,"type":"binary-expr","locations":[{"start":{"line":30,"column":11},"end":{"line":30,"column":18}},{"start":{"line":30,"column":22},"end":{"line":30,"column":29}}]},"6":{"line":35,"type":"binary-expr","locations":[{"start":{"line":35,"column":9},"end":{"line":35,"column":18}},{"start":{"line":35,"column":23},"end":{"line":35,"column":24}},{"start":{"line":35,"column":28},"end":{"line":35,"column":58}},{"start":{"line":35,"column":62},"end":{"line":35,"column":73}}]},"7":{"line":40,"type":"if","locations":[{"start":{"line":40,"column":2},"end":{"line":40,"column":2}},{"start":{"line":40,"column":2},"end":{"line":40,"column":2}}]},"8":{"line":47,"type":"if","locations":[{"start":{"line":47,"column":2},"end":{"line":47,"column":2}},{"start":{"line":47,"column":2},"end":{"line":47,"column":2}}]},"9":{"line":64,"type":"binary-expr","locations":[{"start":{"line":64,"column":10},"end":{"line":64,"column":20}},{"start":{"line":64,"column":26},"end":{"line":64,"column":38}}]},"10":{"line":83,"type":"binary-expr","locations":[{"start":{"line":83,"column":9},"end":{"line":83,"column":10}},{"start":{"line":84,"column":10},"end":{"line":84,"column":32}},{"start":{"line":85,"column":10},"end":{"line":85,"column":26}},{"start":{"line":86,"column":10},"end":{"line":86,"column":26}}]},"11":{"line":90,"type":"binary-expr","locations":[{"start":{"line":90,"column":9},"end":{"line":90,"column":10}},{"start":{"line":90,"column":15},"end":{"line":90,"column":31}},{"start":{"line":90,"column":35},"end":{"line":90,"column":51}}]},"12":{"line":94,"type":"binary-expr","locations":[{"start":{"line":94,"column":9},"end":{"line":94,"column":10}},{"start":{"line":94,"column":15},"end":{"line":94,"column":37}},{"start":{"line":94,"column":41},"end":{"line":94,"column":57}}]},"13":{"line":98,"type":"binary-expr","locations":[{"start":{"line":98,"column":9},"end":{"line":98,"column":10}},{"start":{"line":98,"column":14},"end":{"line":98,"column":30}}]},"14":{"line":122,"type":"if","locations":[{"start":{"line":122,"column":2},"end":{"line":122,"column":2}},{"start":{"line":122,"column":2},"end":{"line":122,"column":2}}]},"15":{"line":131,"type":"switch","locations":[{"start":{"line":132,"column":6},"end":{"line":132,"column":22}},{"start":{"line":133,"column":6},"end":{"line":138,"column":14}},{"start":{"line":139,"column":6},"end":{"line":141,"column":14}},{"start":{"line":142,"column":6},"end":{"line":143,"column":51}}]},"16":{"line":134,"type":"if","locations":[{"start":{"line":134,"column":8},"end":{"line":134,"column":8}},{"start":{"line":134,"column":8},"end":{"line":134,"column":8}}]},"17":{"line":151,"type":"if","locations":[{"start":{"line":151,"column":4},"end":{"line":151,"column":4}},{"start":{"line":151,"column":4},"end":{"line":151,"column":4}}]},"18":{"line":172,"type":"if","locations":[{"start":{"line":172,"column":2},"end":{"line":172,"column":2}},{"start":{"line":172,"column":2},"end":{"line":172,"column":2}}]},"19":{"line":173,"type":"if","locations":[{"start":{"line":173,"column":4},"end":{"line":173,"column":4}},{"start":{"line":173,"column":4},"end":{"line":173,"column":4}}]},"20":{"line":193,"type":"if","locations":[{"start":{"line":193,"column":4},"end":{"line":193,"column":4}},{"start":{"line":193,"column":4},"end":{"line":193,"column":4}}]},"21":{"line":202,"type":"if","locations":[{"start":{"line":202,"column":2},"end":{"line":202,"column":2}},{"start":{"line":202,"column":2},"end":{"line":202,"column":2}}]},"22":{"line":241,"type":"if","locations":[{"start":{"line":241,"column":2},"end":{"line":241,"column":2}},{"start":{"line":241,"column":2},"end":{"line":241,"column":2}}]},"23":{"line":244,"type":"if","locations":[{"start":{"line":244,"column":6},"end":{"line":244,"column":6}},{"start":{"line":244,"column":6},"end":{"line":244,"column":6}}]},"24":{"line":271,"type":"if","locations":[{"start":{"line":271,"column":2},"end":{"line":271,"column":2}},{"start":{"line":271,"column":2},"end":{"line":271,"column":2}}]},"25":{"line":278,"type":"if","locations":[{"start":{"line":278,"column":6},"end":{"line":278,"column":6}},{"start":{"line":278,"column":6},"end":{"line":278,"column":6}}]},"26":{"line":283,"type":"if","locations":[{"start":{"line":283,"column":6},"end":{"line":283,"column":6}},{"start":{"line":283,"column":6},"end":{"line":283,"column":6}}]},"27":{"line":288,"type":"if","locations":[{"start":{"line":288,"column":6},"end":{"line":288,"column":6}},{"start":{"line":288,"column":6},"end":{"line":288,"column":6}}]},"28":{"line":291,"type":"if","locations":[{"start":{"line":291,"column":6},"end":{"line":291,"column":6}},{"start":{"line":291,"column":6},"end":{"line":291,"column":6}}]},"29":{"line":307,"type":"if","locations":[{"start":{"line":307,"column":2},"end":{"line":307,"column":2}},{"start":{"line":307,"column":2},"end":{"line":307,"column":2}}]},"30":{"line":324,"type":"if","locations":[{"start":{"line":324,"column":6},"end":{"line":324,"column":6}},{"start":{"line":324,"column":6},"end":{"line":324,"column":6}}]},"31":{"line":339,"type":"if","locations":[{"start":{"line":339,"column":4},"end":{"line":339,"column":4}},{"start":{"line":339,"column":4},"end":{"line":339,"column":4}}]},"32":{"line":345,"type":"if","locations":[{"start":{"line":345,"column":4},"end":{"line":345,"column":4}},{"start":{"line":345,"column":4},"end":{"line":345,"column":4}}]},"33":{"line":350,"type":"if","locations":[{"start":{"line":350,"column":8},"end":{"line":350,"column":8}},{"start":{"line":350,"column":8},"end":{"line":350,"column":8}}]},"34":{"line":361,"type":"if","locations":[{"start":{"line":361,"column":4},"end":{"line":361,"column":4}},{"start":{"line":361,"column":4},"end":{"line":361,"column":4}}]},"35":{"line":363,"type":"if","locations":[{"start":{"line":363,"column":11},"end":{"line":363,"column":11}},{"start":{"line":363,"column":11},"end":{"line":363,"column":11}}]},"36":{"line":366,"type":"if","locations":[{"start":{"line":366,"column":8},"end":{"line":366,"column":8}},{"start":{"line":366,"column":8},"end":{"line":366,"column":8}}]},"37":{"line":375,"type":"if","locations":[{"start":{"line":375,"column":4},"end":{"line":375,"column":4}},{"start":{"line":375,"column":4},"end":{"line":375,"column":4}}]},"38":{"line":387,"type":"if","locations":[{"start":{"line":387,"column":2},"end":{"line":387,"column":2}},{"start":{"line":387,"column":2},"end":{"line":387,"column":2}}]},"39":{"line":387,"type":"binary-expr","locations":[{"start":{"line":387,"column":6},"end":{"line":387,"column":41}},{"start":{"line":387,"column":45},"end":{"line":387,"column":68}}]},"40":{"line":403,"type":"if","locations":[{"start":{"line":403,"column":2},"end":{"line":403,"column":2}},{"start":{"line":403,"column":2},"end":{"line":403,"column":2}}]},"41":{"line":406,"type":"binary-expr","locations":[{"start":{"line":406,"column":19},"end":{"line":406,"column":27}},{"start":{"line":406,"column":31},"end":{"line":406,"column":35}}]},"42":{"line":411,"type":"if","locations":[{"start":{"line":411,"column":2},"end":{"line":411,"column":2}},{"start":{"line":411,"column":2},"end":{"line":411,"column":2}}]},"43":{"line":418,"type":"if","locations":[{"start":{"line":418,"column":4},"end":{"line":418,"column":4}},{"start":{"line":418,"column":4},"end":{"line":418,"column":4}}]},"44":{"line":426,"type":"if","locations":[{"start":{"line":426,"column":4},"end":{"line":426,"column":4}},{"start":{"line":426,"column":4},"end":{"line":426,"column":4}}]},"45":{"line":439,"type":"if","locations":[{"start":{"line":439,"column":6},"end":{"line":439,"column":6}},{"start":{"line":439,"column":6},"end":{"line":439,"column":6}}]},"46":{"line":455,"type":"if","locations":[{"start":{"line":455,"column":4},"end":{"line":455,"column":4}},{"start":{"line":455,"column":4},"end":{"line":455,"column":4}}]},"47":{"line":455,"type":"binary-expr","locations":[{"start":{"line":455,"column":8},"end":{"line":455,"column":23}},{"start":{"line":455,"column":27},"end":{"line":455,"column":39}}]},"48":{"line":456,"type":"if","locations":[{"start":{"line":456,"column":6},"end":{"line":456,"column":6}},{"start":{"line":456,"column":6},"end":{"line":456,"column":6}}]},"49":{"line":460,"type":"if","locations":[{"start":{"line":460,"column":6},"end":{"line":460,"column":6}},{"start":{"line":460,"column":6},"end":{"line":460,"column":6}}]},"50":{"line":462,"type":"if","locations":[{"start":{"line":462,"column":8},"end":{"line":462,"column":8}},{"start":{"line":462,"column":8},"end":{"line":462,"column":8}}]},"51":{"line":476,"type":"if","locations":[{"start":{"line":476,"column":2},"end":{"line":476,"column":2}},{"start":{"line":476,"column":2},"end":{"line":476,"column":2}}]},"52":{"line":490,"type":"if","locations":[{"start":{"line":490,"column":4},"end":{"line":490,"column":4}},{"start":{"line":490,"column":4},"end":{"line":490,"column":4}}]},"53":{"line":491,"type":"if","locations":[{"start":{"line":491,"column":6},"end":{"line":491,"column":6}},{"start":{"line":491,"column":6},"end":{"line":491,"column":6}}]},"54":{"line":493,"type":"if","locations":[{"start":{"line":493,"column":13},"end":{"line":493,"column":13}},{"start":{"line":493,"column":13},"end":{"line":493,"column":13}}]},"55":{"line":505,"type":"if","locations":[{"start":{"line":505,"column":4},"end":{"line":505,"column":4}},{"start":{"line":505,"column":4},"end":{"line":505,"column":4}}]},"56":{"line":509,"type":"if","locations":[{"start":{"line":509,"column":6},"end":{"line":509,"column":6}},{"start":{"line":509,"column":6},"end":{"line":509,"column":6}}]},"57":{"line":530,"type":"if","locations":[{"start":{"line":530,"column":4},"end":{"line":530,"column":4}},{"start":{"line":530,"column":4},"end":{"line":530,"column":4}}]},"58":{"line":533,"type":"if","locations":[{"start":{"line":533,"column":11},"end":{"line":533,"column":11}},{"start":{"line":533,"column":11},"end":{"line":533,"column":11}}]},"59":{"line":534,"type":"if","locations":[{"start":{"line":534,"column":6},"end":{"line":534,"column":6}},{"start":{"line":534,"column":6},"end":{"line":534,"column":6}}]},"60":{"line":537,"type":"if","locations":[{"start":{"line":537,"column":11},"end":{"line":537,"column":11}},{"start":{"line":537,"column":11},"end":{"line":537,"column":11}}]},"61":{"line":548,"type":"if","locations":[{"start":{"line":548,"column":4},"end":{"line":548,"column":4}},{"start":{"line":548,"column":4},"end":{"line":548,"column":4}}]},"62":{"line":578,"type":"if","locations":[{"start":{"line":578,"column":4},"end":{"line":578,"column":4}},{"start":{"line":578,"column":4},"end":{"line":578,"column":4}}]},"63":{"line":579,"type":"if","locations":[{"start":{"line":579,"column":6},"end":{"line":579,"column":6}},{"start":{"line":579,"column":6},"end":{"line":579,"column":6}}]},"64":{"line":649,"type":"if","locations":[{"start":{"line":649,"column":6},"end":{"line":649,"column":6}},{"start":{"line":649,"column":6},"end":{"line":649,"column":6}}]},"65":{"line":661,"type":"if","locations":[{"start":{"line":661,"column":2},"end":{"line":661,"column":2}},{"start":{"line":661,"column":2},"end":{"line":661,"column":2}}]},"66":{"line":682,"type":"if","locations":[{"start":{"line":682,"column":2},"end":{"line":682,"column":2}},{"start":{"line":682,"column":2},"end":{"line":682,"column":2}}]},"67":{"line":684,"type":"if","locations":[{"start":{"line":684,"column":9},"end":{"line":684,"column":9}},{"start":{"line":684,"column":9},"end":{"line":684,"column":9}}]},"68":{"line":686,"type":"if","locations":[{"start":{"line":686,"column":9},"end":{"line":686,"column":9}},{"start":{"line":686,"column":9},"end":{"line":686,"column":9}}]},"69":{"line":700,"type":"if","locations":[{"start":{"line":700,"column":2},"end":{"line":700,"column":2}},{"start":{"line":700,"column":2},"end":{"line":700,"column":2}}]},"70":{"line":700,"type":"binary-expr","locations":[{"start":{"line":700,"column":6},"end":{"line":700,"column":32}},{"start":{"line":700,"column":36},"end":{"line":700,"column":56}}]},"71":{"line":716,"type":"if","locations":[{"start":{"line":716,"column":8},"end":{"line":716,"column":8}},{"start":{"line":716,"column":8},"end":{"line":716,"column":8}}]},"72":{"line":763,"type":"switch","locations":[{"start":{"line":764,"column":4},"end":{"line":765,"column":61}},{"start":{"line":766,"column":4},"end":{"line":807,"column":7}},{"start":{"line":808,"column":4},"end":{"line":811,"column":9}},{"start":{"line":812,"column":4},"end":{"line":815,"column":9}},{"start":{"line":816,"column":4},"end":{"line":822,"column":9}},{"start":{"line":823,"column":4},"end":{"line":830,"column":9}},{"start":{"line":831,"column":4},"end":{"line":835,"column":9}}]},"73":{"line":767,"type":"switch","locations":[{"start":{"line":768,"column":8},"end":{"line":771,"column":13}},{"start":{"line":772,"column":8},"end":{"line":772,"column":22}},{"start":{"line":773,"column":8},"end":{"line":776,"column":13}},{"start":{"line":777,"column":8},"end":{"line":806,"column":11}}]},"74":{"line":778,"type":"if","locations":[{"start":{"line":778,"column":10},"end":{"line":778,"column":10}},{"start":{"line":778,"column":10},"end":{"line":778,"column":10}}]},"75":{"line":782,"type":"if","locations":[{"start":{"line":782,"column":17},"end":{"line":782,"column":17}},{"start":{"line":782,"column":17},"end":{"line":782,"column":17}}]},"76":{"line":786,"type":"if","locations":[{"start":{"line":786,"column":17},"end":{"line":786,"column":17}},{"start":{"line":786,"column":17},"end":{"line":786,"column":17}}]},"77":{"line":790,"type":"switch","locations":[{"start":{"line":791,"column":16},"end":{"line":792,"column":40}},{"start":{"line":793,"column":16},"end":{"line":793,"column":30}},{"start":{"line":794,"column":16},"end":{"line":795,"column":40}},{"start":{"line":796,"column":16},"end":{"line":801,"column":19}}]},"78":{"line":797,"type":"if","locations":[{"start":{"line":797,"column":18},"end":{"line":797,"column":18}},{"start":{"line":797,"column":18},"end":{"line":797,"column":18}}]},"79":{"line":844,"type":"binary-expr","locations":[{"start":{"line":844,"column":16},"end":{"line":844,"column":28}},{"start":{"line":844,"column":32},"end":{"line":844,"column":38}}]},"80":{"line":848,"type":"binary-expr","locations":[{"start":{"line":848,"column":44},"end":{"line":848,"column":45}},{"start":{"line":848,"column":49},"end":{"line":848,"column":62}}]},"81":{"line":852,"type":"binary-expr","locations":[{"start":{"line":852,"column":44},"end":{"line":852,"column":45}},{"start":{"line":852,"column":49},"end":{"line":852,"column":62}}]},"82":{"line":857,"type":"cond-expr","locations":[{"start":{"line":857,"column":24},"end":{"line":857,"column":34}},{"start":{"line":857,"column":37},"end":{"line":857,"column":47}}]},"83":{"line":863,"type":"cond-expr","locations":[{"start":{"line":863,"column":30},"end":{"line":863,"column":40}},{"start":{"line":863,"column":43},"end":{"line":863,"column":53}}]},"84":{"line":872,"type":"if","locations":[{"start":{"line":872,"column":4},"end":{"line":872,"column":4}},{"start":{"line":872,"column":4},"end":{"line":872,"column":4}}]},"85":{"line":872,"type":"binary-expr","locations":[{"start":{"line":872,"column":8},"end":{"line":872,"column":30}},{"start":{"line":872,"column":34},"end":{"line":872,"column":54}}]},"86":{"line":889,"type":"if","locations":[{"start":{"line":889,"column":4},"end":{"line":889,"column":4}},{"start":{"line":889,"column":4},"end":{"line":889,"column":4}}]},"87":{"line":890,"type":"if","locations":[{"start":{"line":890,"column":6},"end":{"line":890,"column":6}},{"start":{"line":890,"column":6},"end":{"line":890,"column":6}}]},"88":{"line":901,"type":"binary-expr","locations":[{"start":{"line":901,"column":12},"end":{"line":901,"column":24}},{"start":{"line":901,"column":28},"end":{"line":901,"column":34}}]},"89":{"line":911,"type":"if","locations":[{"start":{"line":911,"column":6},"end":{"line":911,"column":6}},{"start":{"line":911,"column":6},"end":{"line":911,"column":6}}]},"90":{"line":915,"type":"if","locations":[{"start":{"line":915,"column":4},"end":{"line":915,"column":4}},{"start":{"line":915,"column":4},"end":{"line":915,"column":4}}]}},"l":{"3":1,"5":1,"6":0,"7":0,"8":0,"9":0,"10":0,"11":0,"14":0,"17":1,"19":1,"20":0,"23":1,"25":367,"27":17,"30":350,"34":1,"35":367,"38":1,"39":296,"40":296,"41":200,"45":1,"46":95,"47":95,"48":89,"52":1,"53":1,"54":190,"57":1,"58":24,"61":1,"63":1,"64":97,"67":1,"68":1,"69":4,"72":1,"73":14,"74":14,"77":1,"78":1,"79":1,"80":1,"82":1,"83":543,"89":1,"90":3,"93":1,"94":3,"97":1,"98":3,"101":1,"102":1,"103":1,"104":1,"106":1,"107":1,"109":1,"110":169,"111":169,"113":1,"114":169,"116":1,"117":169,"118":169,"121":1,"122":991,"123":149,"124":149,"128":1,"129":249,"130":176,"131":176,"134":70,"135":65,"136":65,"138":70,"140":106,"141":106,"143":0,"148":1,"149":178,"150":106,"151":106,"152":2,"155":104,"159":1,"161":1,"162":6,"165":1,"166":54,"167":54,"168":54,"171":1,"172":196,"173":51,"174":46,"175":46,"180":1,"182":1,"183":210,"186":1,"187":43,"188":43,"189":43,"192":7,"193":7,"194":1,"196":6,"198":36,"201":1,"202":14,"203":11,"205":3,"209":1,"210":1,"211":2,"212":2,"213":2,"214":2,"215":2,"217":2,"221":1,"222":2,"223":2,"224":2,"225":2,"226":2,"227":2,"229":1,"233":1,"234":54,"237":1,"238":46,"239":46,"241":46,"242":35,"243":35,"244":33,"245":1,"247":32,"248":32,"251":35,"252":35,"253":33,"258":1,"259":8,"260":8,"261":8,"262":9,"263":9,"264":9,"268":1,"270":1,"271":10,"272":5,"274":10,"275":10,"276":10,"278":6,"279":5,"280":5,"283":2,"284":1,"285":1,"288":11,"289":10,"290":10,"291":10,"292":5,"298":1,"299":325,"300":325,"301":325,"302":325,"303":325,"304":325,"305":325,"307":325,"308":2,"312":1,"314":1,"318":169,"319":169,"320":169,"322":169,"323":169,"324":169,"325":169,"327":0,"328":0,"330":0,"331":0,"334":169,"336":169,"339":169,"340":160,"342":9,"345":169,"347":64,"348":64,"349":95,"350":95,"351":4,"356":169,"357":169,"361":349,"362":105,"363":244,"364":64,"365":64,"366":82,"367":64,"368":64,"375":808,"376":349,"377":349,"378":349,"380":459,"385":1,"386":95,"387":95,"388":50,"389":50,"390":16,"392":50,"393":50,"397":1,"398":315,"401":1,"402":154,"403":154,"404":154,"406":154,"407":154,"408":154,"409":154,"411":154,"412":0,"416":1,"418":147,"419":0,"422":147,"424":147,"426":147,"427":105,"430":147,"431":147,"435":313,"436":313,"437":313,"439":5,"440":0,"442":5,"444":313,"449":147,"451":144,"455":177,"456":175,"457":73,"460":175,"461":175,"462":175,"463":166,"469":75,"470":75,"471":75,"475":1,"476":57,"477":4,"480":53,"489":1,"490":156,"491":123,"492":3,"493":120,"494":128,"496":3,"499":33,"504":53,"505":112,"506":20,"508":92,"509":89,"510":3,"511":3,"519":53,"520":52,"522":51,"523":69,"529":51,"530":142,"531":8,"532":8,"533":134,"534":122,"535":47,"537":12,"538":4,"542":51,"546":51,"547":50,"548":59,"549":50,"550":49,"554":50,"557":1,"558":190,"559":190,"560":190,"561":190,"562":190,"563":190,"564":190,"567":1,"569":5,"573":196,"575":196,"576":196,"578":196,"579":145,"580":143,"581":143,"582":143,"583":143,"584":143,"586":143,"593":642,"594":642,"598":1,"599":190,"602":1,"603":10,"604":10,"605":10,"608":1,"610":1,"614":9,"615":9,"616":9,"618":9,"622":1,"623":2,"626":1,"627":1,"628":1,"629":1,"630":1,"631":1,"632":1,"633":1,"634":1,"635":1,"636":1,"637":1,"638":1,"643":1,"644":1,"645":1,"646":4,"647":4,"648":12,"649":12,"650":8,"653":4,"660":1,"661":311,"662":157,"664":154,"671":1,"672":8,"673":9,"674":9,"675":9,"676":15,"681":1,"682":64,"683":38,"684":26,"685":4,"686":22,"687":16,"688":16,"689":16,"690":38,"691":38,"693":16,"695":6,"699":1,"700":18,"701":8,"702":16,"705":9,"709":1,"710":4,"711":4,"712":4,"713":12,"714":12,"715":18,"716":18,"717":8,"720":12,"724":9,"725":9,"726":1,"727":1,"728":1,"729":1,"732":1,"756":1,"762":115,"763":115,"765":1,"767":100,"769":69,"770":238,"774":15,"775":20,"778":16,"779":4,"780":13,"782":12,"783":3,"784":5,"786":9,"787":8,"788":16,"789":16,"790":16,"792":2,"795":11,"797":3,"798":2,"800":1,"805":1,"809":4,"810":47,"813":2,"814":2,"817":2,"818":2,"824":2,"825":2,"832":4,"833":4,"834":4,"840":57,"844":6,"848":11,"852":8,"856":5,"857":9,"862":20,"863":88,"868":2,"872":11,"873":1,"874":2,"876":10,"881":1,"885":14,"889":9,"890":5,"891":2,"894":4,"897":7,"901":368,"905":1,"906":3,"907":3,"908":3,"909":9,"910":9,"911":21,"912":7,"915":2,"916":1,"921":1,"923":15,"924":15,"925":15,"928":7,"929":7,"931":27,"934":7,"940":1,"941":1,"942":1,"944":1,"946":1}}}
